c:\users\vincent\desktop\imgui-directx-11-kiero-hook-master (1)\imgui-directx-11-kiero-hook-master\imgui-directx-11-kiero-hook-master\imgui directx 11 kiero hook\x64\release\vc143.pdb
c:\users\vincent\desktop\imgui-directx-11-kiero-hook-master (1)\imgui-directx-11-kiero-hook-master\imgui-directx-11-kiero-hook-master\imgui directx 11 kiero hook\x64\release\main.obj
c:\users\vincent\desktop\imgui-directx-11-kiero-hook-master (1)\imgui-directx-11-kiero-hook-master\imgui-directx-11-kiero-hook-master\imgui directx 11 kiero hook\x64\release\kiero.obj
c:\users\vincent\desktop\imgui-directx-11-kiero-hook-master (1)\imgui-directx-11-kiero-hook-master\imgui-directx-11-kiero-hook-master\imgui directx 11 kiero hook\x64\release\imgui_widgets.obj
c:\users\vincent\desktop\imgui-directx-11-kiero-hook-master (1)\imgui-directx-11-kiero-hook-master\imgui-directx-11-kiero-hook-master\imgui directx 11 kiero hook\x64\release\imgui_impl_win32.obj
c:\users\vincent\desktop\imgui-directx-11-kiero-hook-master (1)\imgui-directx-11-kiero-hook-master\imgui-directx-11-kiero-hook-master\imgui directx 11 kiero hook\x64\release\imgui_impl_dx11.obj
c:\users\vincent\desktop\imgui-directx-11-kiero-hook-master (1)\imgui-directx-11-kiero-hook-master\imgui-directx-11-kiero-hook-master\imgui directx 11 kiero hook\x64\release\imgui_draw.obj
c:\users\vincent\desktop\imgui-directx-11-kiero-hook-master (1)\imgui-directx-11-kiero-hook-master\imgui-directx-11-kiero-hook-master\imgui directx 11 kiero hook\x64\release\imgui_demo.obj
c:\users\vincent\desktop\imgui-directx-11-kiero-hook-master (1)\imgui-directx-11-kiero-hook-master\imgui-directx-11-kiero-hook-master\imgui directx 11 kiero hook\x64\release\imgui.obj
c:\users\vincent\desktop\imgui-directx-11-kiero-hook-master (1)\imgui-directx-11-kiero-hook-master\imgui-directx-11-kiero-hook-master\imgui directx 11 kiero hook\x64\release\trampoline.obj
c:\users\vincent\desktop\imgui-directx-11-kiero-hook-master (1)\imgui-directx-11-kiero-hook-master\imgui-directx-11-kiero-hook-master\imgui directx 11 kiero hook\x64\release\hook.obj
c:\users\vincent\desktop\imgui-directx-11-kiero-hook-master (1)\imgui-directx-11-kiero-hook-master\imgui-directx-11-kiero-hook-master\imgui directx 11 kiero hook\x64\release\hde64.obj
c:\users\vincent\desktop\imgui-directx-11-kiero-hook-master (1)\imgui-directx-11-kiero-hook-master\imgui-directx-11-kiero-hook-master\imgui directx 11 kiero hook\x64\release\hde32.obj
c:\users\vincent\desktop\imgui-directx-11-kiero-hook-master (1)\imgui-directx-11-kiero-hook-master\imgui-directx-11-kiero-hook-master\imgui directx 11 kiero hook\x64\release\buffer.obj
d:\coding\updated bo3\imgui directx 11 kiero hook\x64\release\vc143.pdb
d:\coding\updated bo3\imgui directx 11 kiero hook\x64\release\nt.obj
d:\coding\updated bo3\imgui directx 11 kiero hook\x64\release\main.obj
d:\coding\updated bo3\imgui directx 11 kiero hook\x64\release\kiero.obj
d:\coding\updated bo3\imgui directx 11 kiero hook\x64\release\io.obj
d:\coding\updated bo3\imgui directx 11 kiero hook\x64\release\imgui_widgets.obj
d:\coding\updated bo3\imgui directx 11 kiero hook\x64\release\imgui_impl_win32.obj
d:\coding\updated bo3\imgui directx 11 kiero hook\x64\release\imgui_impl_dx11.obj
d:\coding\updated bo3\imgui directx 11 kiero hook\x64\release\imgui_draw.obj
d:\coding\updated bo3\imgui directx 11 kiero hook\x64\release\imgui_demo.obj
d:\coding\updated bo3\imgui directx 11 kiero hook\x64\release\imgui.obj
d:\coding\updated bo3\imgui directx 11 kiero hook\x64\release\trampoline.obj
d:\coding\updated bo3\imgui directx 11 kiero hook\x64\release\hook.obj
d:\coding\updated bo3\imgui directx 11 kiero hook\x64\release\hde64.obj
d:\coding\updated bo3\imgui directx 11 kiero hook\x64\release\hde32.obj
d:\coding\updated bo3\imgui directx 11 kiero hook\x64\release\buffer.obj
c:\users\vincent\desktop\imgui-directx-11-kiero-hook-master (1)\imgui-directx-11-kiero-hook-master\imgui-directx-11-kiero-hook-master\x64\release\imgui directx 11 kiero hook.dll
c:\users\vincent\desktop\imgui-directx-11-kiero-hook-master (1)\imgui-directx-11-kiero-hook-master\imgui-directx-11-kiero-hook-master\imgui directx 11 kiero hook\x64\release\imgui directx 11 kiero hook.ipdb
c:\users\vincent\desktop\imgui-directx-11-kiero-hook-master (1)\imgui-directx-11-kiero-hook-master\imgui-directx-11-kiero-hook-master\x64\release\imgui directx 11 kiero hook.pdb
c:\users\vincent\desktop\imgui-directx-11-kiero-hook-master (1)\imgui-directx-11-kiero-hook-master\imgui-directx-11-kiero-hook-master\imgui directx 11 kiero hook\x64\release\imgui directx 11 kiero hook.iobj
d:\coding\updated bo3\x64\release\imgui directx 11 kiero hook.dll
d:\coding\updated bo3\x64\release\imgui directx 11 kiero hook.pdb
d:\coding\updated bo3\imgui directx 11 kiero hook\x64\release\imgui directx 11 kiero hook.iobj
c:\users\vincent\desktop\imgui-directx-11-kiero-hook-master (1)\imgui-directx-11-kiero-hook-master\imgui-directx-11-kiero-hook-master\imgui directx 11 kiero hook\x64\release\minhook.res
d:\coding\updated bo3\imgui directx 11 kiero hook\x64\release\minhook.res
d:\coding\updated bo3\imgui directx 11 kiero hook\x64\release\imgui directx 11 kiero hook.ipdb
d:\coding\updated bo3\imgui directx 11 kiero hook\x64\release\imgui di.04b17470.tlog\cl.command.1.tlog
d:\coding\updated bo3\imgui directx 11 kiero hook\x64\release\imgui di.04b17470.tlog\cl.read.1.tlog
d:\coding\updated bo3\imgui directx 11 kiero hook\x64\release\imgui di.04b17470.tlog\cl.write.1.tlog
d:\coding\updated bo3\imgui directx 11 kiero hook\x64\release\imgui di.04b17470.tlog\link.command.1.tlog
d:\coding\updated bo3\imgui directx 11 kiero hook\x64\release\imgui di.04b17470.tlog\link.read.1.tlog
d:\coding\updated bo3\imgui directx 11 kiero hook\x64\release\imgui di.04b17470.tlog\link.write.1.tlog
d:\coding\updated bo3\imgui directx 11 kiero hook\x64\release\imgui di.04b17470.tlog\rc.command.1.tlog
d:\coding\updated bo3\imgui directx 11 kiero hook\x64\release\imgui di.04b17470.tlog\rc.read.1.tlog
d:\coding\updated bo3\imgui directx 11 kiero hook\x64\release\imgui di.04b17470.tlog\rc.write.1.tlog
